EGLSample/app/build/intermediates/manifest_merge_blame_file/debug/manifest-merger-blame-debug-report.txt
1<?xml version="1.0" encoding="utf-8"?>
2<manifest xmlns:android="http://schemas.android.com/apk/res/android"
3    package="com.android.samples.camera1"
4    android:versionCode="1"
5    android:versionName="1.0" >
6
7    <uses-sdk
8        android:minSdkVersion="19"
8-->src/main/AndroidManifest.xml
9        android:targetSdkVersion="29" />
9-->src/main/AndroidManifest.xml
10
11    <uses-permission android:name="android.permission.CAMERA" />
11-->src/main/AndroidManifest.xml:5:5-65
11-->src/main/AndroidManifest.xml:5:22-62
12    <uses-permission android:name="android.permission.WRITE_EXTERNAL_STORAGE" />
12-->src/main/AndroidManifest.xml:6:5-81
12-->src/main/AndroidManifest.xml:6:22-78
13
14    <uses-feature
14-->src/main/AndroidManifest.xml:8:5-10:39
15        android:glEsVersion="0x00020000"
15-->src/main/AndroidManifest.xml:9:13-45
16        android:required="true" />
16-->src/main/AndroidManifest.xml:10:13-36
17    <uses-feature
17-->src/main/AndroidManifest.xml:11:5-13:39
18        android:name="android.hardware.camera"
18-->src/main/AndroidManifest.xml:12:13-51
19        android:required="true" />
19-->src/main/AndroidManifest.xml:13:13-36
20
21    <application
21-->src/main/AndroidManifest.xml:15:5-55:19
22        android:allowBackup="true"
22-->src/main/AndroidManifest.xml:16:13-39
23        android:appComponentFactory="androidx.core.app.CoreComponentFactory"
23-->[androidx.core:core:1.1.0] AndroidManifest.xml:24:18-86
24        android:debuggable="true"
25        android:icon="@mipmap/ic_launcher"
25-->src/main/AndroidManifest.xml:17:13-47
26        android:label="@string/app_name"
26-->src/main/AndroidManifest.xml:18:13-45
27        android:roundIcon="@mipmap/ic_launcher_round"
27-->src/main/AndroidManifest.xml:19:13-58
28        android:supportsRtl="true"
28-->src/main/AndroidManifest.xml:20:13-39
29        android:testOnly="true"
30        android:theme="@style/AppTheme" >
30-->src/main/AndroidManifest.xml:21:13-44
31        <activity android:name="com.android.samples.camera1.EglMainActivity" >
31-->src/main/AndroidManifest.xml:22:9-28:20
31-->src/main/AndroidManifest.xml:22:19-50
32            <intent-filter>
32-->src/main/AndroidManifest.xml:23:13-27:29
33                <action android:name="android.intent.action.MAIN" />
33-->src/main/AndroidManifest.xml:24:17-69
33-->src/main/AndroidManifest.xml:24:25-66
34
35                <category android:name="android.intent.category.LAUNCHER" />
35-->src/main/AndroidManifest.xml:26:17-77
35-->src/main/AndroidManifest.xml:26:27-74
36            </intent-filter>
37        </activity>
38        <activity android:name="com.android.samples.camera1.MainActivity2" >
38-->src/main/AndroidManifest.xml:29:9-35:20
38-->src/main/AndroidManifest.xml:29:19-48
39
40            <!-- <intent-filter> -->
41            <!-- <action android:name="android.intent.action.MAIN" /> -->
42
43
44            <!-- <category android:name="android.intent.category.LAUNCHER" /> -->
45            <!-- </intent-filter> -->
46        </activity>
47        <activity android:name="com.android.samples.camera1.OpenGLActivity" >
47-->src/main/AndroidManifest.xml:36:9-44:20
47-->src/main/AndroidManifest.xml:36:19-49
48
49            <!-- <intent-filter> -->
50            <!-- <action android:name="android.intent.action.MAIN" /> -->
51
52
53            <!-- <category android:name="android.intent.category.LAUNCHER" /> -->
54            <!-- </intent-filter> -->
55        </activity> <!-- android:screenOrientation="portrait" -->
56        <!-- android:screenOrientation="reverseLandscape" -->
57        <activity android:name="com.android.samples.camera1.MainActivity" >
57-->src/main/AndroidManifest.xml:46:9-54:20
57-->src/main/AndroidManifest.xml:46:19-47
58
59            <!-- <intent-filter> -->
60            <!-- <action android:name="android.intent.action.MAIN" /> -->
61
62
63            <!-- <category android:name="android.intent.category.LAUNCHER" /> -->
64            <!-- </intent-filter> -->
65        </activity>
66    </application>
67
68</manifest>